Query: How can I apply to TU Chemnitz?
Latency: 5019.12 ms
Response preview: {'type': 'card', 'title': '**How to Apply to TU Chemnitz**', 'description': 'To apply to TU Chemnitz, follow these steps based on your educational background:\n\n1. **International Applicants without 

Query: Where can I register my residence in Chemnitz?
Latency: 4811.03 ms
Response preview: {'type': 'card', 'title': 'Registering Your Residence in Chemnitz', 'description': 'To register your residence in Chemnitz, you need to visit the Einwohnermeldeamt (Citizen Registration Office). Here 

Query: What documents are required for enrollment?
Latency: 4510.46 ms
Response preview: {'type': 'card', 'title': '**Documents Required for Enrollment**', 'description': 'To successfully enroll at TU Chemnitz, you need to submit the following documents:', 'items': ['**1. Proof of High Sc

Query: How can I get my student ID card?
Latency: 6057.49 ms
Response preview: {'type': 'card', 'title': '**How to Obtain Your Student ID Card (TUC-Card)**', 'description': 'To receive your TUC-Card, follow these steps: 1. **Complete Online Enrollment**: After receiving your adm

Query: Where is the International Office located?
Latency: 5230.22 ms
Response preview: {'type': 'card', 'title': 'International Office Location', 'description': 'The International Office, also known as the Internationales Universitätszentrum (IUZ), is located at Bahnhofstrasse 8 in Chem

Query: How can I extend my visa in Chemnitz?
Latency: 4080.13 ms
Response preview: {'type': 'card', 'title': '**How to Extend Your Visa in Chemnitz**', 'description': 'To extend your visa in Chemnitz, you need to follow these steps: \n1. **Prepare Required Documents**: Gather necess

Query: How to find student accommodation near the campus?
Latency: 4287.64 ms
Response preview: {'type': 'card', 'title': '**Finding Student Accommodation Near Campus**', 'description': 'To find student accommodation near the TU Chemnitz campus, follow these steps:', 'items': ['**1. Start Early*

Query: Who can help with health insurance for students?
Latency: 4916.10 ms
Response preview: {'type': 'card', 'title': 'Health Insurance Assistance', 'description': 'For health insurance matters, you can seek help from the Student Council (StuRa). They provide guidance on various insurance op

Query: When is the residence registration deadline?
Latency: 4504.07 ms
Response preview: {'type': 'card', 'title': 'Residence Registration Deadline', 'description': 'The residence registration (Anmeldung) must be completed as soon as you arrive in Chemnitz. While there is no specific dead

Query: How can I contact the Student Service Center?
Latency: 3789.74 ms
Response preview: {'type': 'card', 'title': 'Contacting the Student Service Center', 'description': 'You can reach the Student Service Center for all formal matters related to your studies at TU Chemnitz. Here are the 

