Query: How can I apply to TU Chemnitz?
Latency: 5495.53 ms
Response preview: ## Application Process for TU Chemnitz

To apply to TU Chemnitz, you generally need to follow these steps:

1. **Application via uni-assist**: If you are an international applicant without a German hi

Query: Where can I register my residence in Chemnitz?
Latency: 3406.96 ms
Response preview: ## Residence Registration in Chemnitz

You can register your residence at the Einwohnermeldeamt (Citizen's Registration Office) in Chemnitz. Here are the details:

**Address:**  
Düsseldorfer Platz 1 

Query: What documents are required for enrollment?
Latency: 3702.78 ms
Response preview: ## Required Documents for Enrollment

To complete your enrollment at TU Chemnitz, you need to submit the following documents:

- **Application for Enrollment**: This form will be provided in the appli

Query: How can I get my student ID card?
Latency: 3629.20 ms
Response preview: ## Getting Your Student ID Card

To obtain your student ID card (TUC-Card), you need to complete the enrollment process. Once all required documents for enrollment are submitted, including the electro

Query: Where is the International Office located?
Latency: 2457.39 ms
Response preview: ## International Office Location

The International Office, known as the **Internationales Universitätszentrum (IUZ)**, is located at Bahnhofstrasse 8 in building A16. 

If you need to contact them, y

Query: How can I extend my visa in Chemnitz?
Latency: 3234.76 ms
Response preview: ## Extending Your Visa in Chemnitz

To extend your visa in Chemnitz, you need to apply for a residence permit online. You can submit your application through the following link: [Residence Permit Appl

Query: How to find student accommodation near the campus?
Latency: 3421.16 ms
Response preview: ## Finding Student Accommodation Near the Campus

To find student accommodation near the TU Chemnitz campus, it's best to start your search early. A significant number of students live in one of the n

Query: Who can help with health insurance for students?
Latency: 3174.60 ms
Response preview: ## Health Insurance Assistance for Students

For health insurance matters, you can seek help from the **Student Council (StuRa)** at TU Chemnitz. They can provide guidance on the different options ava

Query: When is the residence registration deadline?
Latency: 1818.31 ms
Response preview: ## Residence Registration Deadline

The context provided does not specify a deadline for residence registration (Anmeldung). However, it is important to register your residence as soon as you arrive i

Query: How can I contact the Student Service Center?
Latency: 3096.66 ms
Response preview: ## Contacting the Student Service Center

You can contact the Student Service Center (Studierendenservice) at TU Chemnitz through the following methods:

**Phone:** 0371 531-33333

**Email:** 
- Gener

